<?xml version="1.0" encoding="UTF-8"?>
<testng-results ignored="0" total="1" passed="1" failed="0" skipped="0">
  <reporter-output>
  </reporter-output>
  <suite started-at="2020-01-21T01:04:00Z" name="Default suite" finished-at="2020-01-21T01:04:01Z" duration-ms="1143">
    <groups>
    </groups>
    <test started-at="2020-01-21T01:04:00Z" name="Default test" finished-at="2020-01-21T01:04:01Z" duration-ms="1143">
      <class name="Demo1_GET_REQUEST">
        <test-method signature="getCityWeather()[pri:0, instance:Demo1_GET_REQUEST@24313fcc]" started-at="2020-01-21T01:04:00Z" name="getCityWeather" finished-at="2020-01-21T01:04:01Z" duration-ms="1124" status="PASS">
          <reporter-output>
          </reporter-output>
        </test-method> <!-- getCityWeather -->
      </class> <!-- Demo1_GET_REQUEST -->
    </test> <!-- Default test -->
  </suite> <!-- Default suite -->
</testng-results>
